This is pdfTeX, Version 3.141592653-2.6-1.40.24 (MiKTeX 21.12.10) (preloaded format=pdflatex 2022.1.16)  15 MAY 2024 15:32
entering extended mode
 restricted \write18 enabled.
 file:line:error style messages enabled.
 %&-line parsing enabled.
**./bericht.tex
(bericht.tex
LaTeX2e <2021-11-15> patch level 1
L3 programming layer <2021-11-22>
(C:\Users\loren\AppData\Local\Programs\MiKTeX\tex/latex/base\report.cls
Document Class: report 2021/10/04 v1.4n Standard LaTeX document class
(C:\Users\loren\AppData\Local\Programs\MiKTeX\tex/latex/base\size11.clo
File: size11.clo 2021/10/04 v1.4n Standard LaTeX file (size option)
)
\c@part=\count183
\c@chapter=\count184
\c@section=\count185
\c@subsection=\count186
\c@subsubsection=\count187
\c@paragraph=\count188
\c@subparagraph=\count189
\c@figure=\count190
\c@table=\count191
\abovecaptionskip=\skip47
\belowcaptionskip=\skip48
\bibindent=\dimen138
)
(C:\Users\loren\AppData\Local\Programs\MiKTeX\tex/latex/base\inputenc.sty
Package: inputenc 2021/02/14 v1.3d Input encoding file
\inpenc@prehook=\toks16
\inpenc@posthook=\toks17
)
(bericht.sty
Package: bericht 2017/10/06 v1.2

(C:\Users\loren\AppData\Local\Programs\MiKTeX\tex/generic/babel\babel.sty
Package: babel 2021/12/30 3.69 The Babel package
\babel@savecnt=\count192
\U@D=\dimen139
\l@unhyphenated=\language79

(C:\Users\loren\AppData\Local\Programs\MiKTeX\tex/generic/babel\txtbabel.def)
\bbl@readstream=\read2
\bbl@dirlevel=\count193

*************************************
* Local config file bblopts.cfg used
*
(C:\Users\loren\AppData\Local\Programs\MiKTeX\tex/latex/arabi\bblopts.cfg
File: bblopts.cfg 2005/09/08 v0.1 add Arabic and Farsi to "declared" options of
 babel
)
(C:\Users\loren\AppData\Local\Programs\MiKTeX\tex/latex/babel-german\ngerman.ld
f
Language: ngerman 2021/02/27 v2.13 German support for babel (post-1996 orthogra
phy)

(C:\Users\loren\AppData\Local\Programs\MiKTeX\tex/latex/babel-german\ngermanb.l
df
Language: ngermanb 2021/02/27 v2.13 German support for babel (post-1996 orthogr
aphy)
Package babel Info: Making " an active character on input line 122.
))) (C:\Users\loren\AppData\Local\Programs\MiKTeX\tex/latex/base\fontenc.sty
Package: fontenc 2021/04/29 v2.0v Standard LaTeX package
) (C:\Users\loren\AppData\Local\Programs\MiKTeX\tex/latex/xcolor\xcolor.sty
Package: xcolor 2021/10/31 v2.13 LaTeX color extensions (UK)

(C:\Users\loren\AppData\Local\Programs\MiKTeX\tex/latex/graphics-cfg\color.cfg
File: color.cfg 2016/01/02 v1.6 sample color configuration
)
Package xcolor Info: Driver file: pdftex.def on input line 227.

(C:\Users\loren\AppData\Local\Programs\MiKTeX\tex/latex/graphics-def\pdftex.def
File: pdftex.def 2020/10/05 v1.2a Graphics/color driver for pdftex
) (C:\Users\loren\AppData\Local\Programs\MiKTeX\tex/latex/colortbl\colortbl.sty
Package: colortbl 2020/01/04 v1.0e Color table columns (DPC)
(C:\Users\loren\AppData\Local\Programs\MiKTeX\tex/latex/tools\array.sty
Package: array 2021/10/04 v2.5f Tabular extension package (FMi)
\col@sep=\dimen140
\ar@mcellbox=\box50
\extrarowheight=\dimen141
\NC@list=\toks18
\extratabsurround=\skip49
\backup@length=\skip50
\ar@cellbox=\box51
)
\everycr=\toks19
\minrowclearance=\skip51
)
\rownum=\count194
Package xcolor Info: Model `cmy' substituted by `cmy0' on input line 1352.
Package xcolor Info: Model `hsb' substituted by `rgb' on input line 1356.
Package xcolor Info: Model `RGB' extended on input line 1368.
Package xcolor Info: Model `HTML' substituted by `rgb' on input line 1370.
Package xcolor Info: Model `Hsb' substituted by `hsb' on input line 1371.
Package xcolor Info: Model `tHsb' substituted by `hsb' on input line 1372.
Package xcolor Info: Model `HSB' substituted by `hsb' on input line 1373.
Package xcolor Info: Model `Gray' substituted by `gray' on input line 1374.
Package xcolor Info: Model `wave' substituted by `hsb' on input line 1375.

(C:\Users\loren\AppData\Local\Programs\MiKTeX\tex/latex/graphics\dvipsnam.def
File: dvipsnam.def 2016/06/17 v3.0m Driver-dependent file (DPC,SPQR)
)) (C:\Users\loren\AppData\Local\Programs\MiKTeX\tex/latex/csquotes\csquotes.st
y
Package: csquotes 2021-02-22 v5.2l context-sensitive quotations (JAW)

(C:\Users\loren\AppData\Local\Programs\MiKTeX\tex/latex/etoolbox\etoolbox.sty
Package: etoolbox 2020/10/05 v2.5k e-TeX tools for LaTeX (JAW)
\etb@tempcnta=\count195
)
(C:\Users\loren\AppData\Local\Programs\MiKTeX\tex/latex/graphics\keyval.sty
Package: keyval 2014/10/28 v1.15 key=value parser (DPC)
\KV@toks@=\toks20
)
\csq@reset=\count196
\csq@gtype=\count197
\csq@glevel=\count198
\csq@qlevel=\count199
\csq@maxlvl=\count266
\csq@tshold=\count267
\csq@ltx@everypar=\toks21

(C:\Users\loren\AppData\Local\Programs\MiKTeX\tex/latex/csquotes\csquotes.def
File: csquotes.def 2021-02-22 v5.2l csquotes generic definitions (JAW)
)
Package csquotes Info: Trying to load configuration file 'csquotes.cfg'...
Package csquotes Info: ... configuration file loaded successfully.

(C:\Users\loren\AppData\Local\Programs\MiKTeX\tex/latex/csquotes\csquotes.cfg
File: csquotes.cfg 
)
Package csquotes Info: Option 'babel' depreciated.
(csquotes)             Using 'autostyle'.
Package csquotes Info: Enabling multilingual quotes.
Package csquotes Info: Redefining alias 'german' -> 'german/guillemets'.
) (C:\Users\loren\AppData\Local\Programs\MiKTeX\tex/latex/tools\xspace.sty
Package: xspace 2014/10/28 v1.13 Space after command names (DPC,MH)
)
(C:\Users\loren\AppData\Local\Programs\MiKTeX\tex/latex/tools\tabularx.sty
Package: tabularx 2020/01/15 v2.11c `tabularx' package (DPC)
\TX@col@width=\dimen142
\TX@old@table=\dimen143
\TX@old@col=\dimen144
\TX@target=\dimen145
\TX@delta=\dimen146
\TX@cols=\count268
\TX@ftn=\toks22
)
(C:\Users\loren\AppData\Local\Programs\MiKTeX\tex/latex/eurosym\eurosym.sty
Package: eurosym 1998/08/06 v1.1 European currency symbol ``Euro''
\@eurobox=\box52
)
(C:\Users\loren\AppData\Local\Programs\MiKTeX\tex/latex/pdfpages\pdfpages.sty
Package: pdfpages 2022/05/22 v0.5v Insert pages of external PDF documents (AM)

(C:\Users\loren\AppData\Local\Programs\MiKTeX\tex/latex/base\ifthen.sty
Package: ifthen 2020/11/24 v1.1c Standard LaTeX ifthen package (DPC)
)
(C:\Users\loren\AppData\Local\Programs\MiKTeX\tex/latex/tools\calc.sty
Package: calc 2017/05/25 v4.3 Infix arithmetic (KKT,FJ)
\calc@Acount=\count269
\calc@Bcount=\count270
\calc@Adimen=\dimen147
\calc@Bdimen=\dimen148
\calc@Askip=\skip52
\calc@Bskip=\skip53
LaTeX Info: Redefining \setlength on input line 80.
LaTeX Info: Redefining \addtolength on input line 81.
\calc@Ccount=\count271
\calc@Cskip=\skip54
)
(C:\Users\loren\AppData\Local\Programs\MiKTeX\tex/latex/eso-pic\eso-pic.sty
Package: eso-pic 2020/10/14 v3.0a eso-pic (RN)
\ESO@tempdima=\dimen149
\ESO@tempdimb=\dimen150
)
(C:\Users\loren\AppData\Local\Programs\MiKTeX\tex/latex/graphics\graphicx.sty
Package: graphicx 2021/09/16 v1.2d Enhanced LaTeX Graphics (DPC,SPQR)

(C:\Users\loren\AppData\Local\Programs\MiKTeX\tex/latex/graphics\graphics.sty
Package: graphics 2021/03/04 v1.4d Standard LaTeX Graphics (DPC,SPQR)

(C:\Users\loren\AppData\Local\Programs\MiKTeX\tex/latex/graphics\trig.sty
Package: trig 2021/08/11 v1.11 sin cos tan (DPC)
)
(C:\Users\loren\AppData\Local\Programs\MiKTeX\tex/latex/graphics-cfg\graphics.c
fg
File: graphics.cfg 2016/06/04 v1.11 sample graphics configuration
)
Package graphics Info: Driver file: pdftex.def on input line 107.
)
\Gin@req@height=\dimen151
\Gin@req@width=\dimen152
)
\AM@pagewidth=\dimen153
\AM@pageheight=\dimen154
\AM@fboxrule=\dimen155

(C:\Users\loren\AppData\Local\Programs\MiKTeX\tex/latex/pdfpages\pppdftex.def
File: pppdftex.def 2022/05/22 v0.5v Pdfpages driver for pdfTeX (AM)
)
\pdfpages@includegraphics@status=\count272
\AM@pagebox=\box53
\AM@global@opts=\toks23
\AM@pagecnt=\count273
\AM@toc@title=\toks24
\c@AM@survey=\count274
\AM@templatesizebox=\box54
)
(C:\Users\loren\AppData\Local\Programs\MiKTeX\tex/latex/needspace\needspace.sty
Package: needspace 2010/09/12 v1.3d reserve vertical space
) (C:\Users\loren\AppData\Local\Programs\MiKTeX\tex/latex/hyperref\hyperref.sty
Package: hyperref 2021-06-07 v7.00m Hypertext links for LaTeX
(C:\Users\loren\AppData\Local\Programs\MiKTeX\tex/generic/ltxcmds\ltxcmds.sty
Package: ltxcmds 2020-05-10 v1.25 LaTeX kernel commands for general use (HO)
)
(C:\Users\loren\AppData\Local\Programs\MiKTeX\tex/generic/iftex\iftex.sty
Package: iftex 2020/03/06 v1.0d TeX engine tests
)
(C:\Users\loren\AppData\Local\Programs\MiKTeX\tex/generic/pdftexcmds\pdftexcmds
.sty
Package: pdftexcmds 2020-06-27 v0.33 Utility functions of pdfTeX for LuaTeX (HO
)

(C:\Users\loren\AppData\Local\Programs\MiKTeX\tex/generic/infwarerr\infwarerr.s
ty
Package: infwarerr 2019/12/03 v1.5 Providing info/warning/error messages (HO)
)
Package pdftexcmds Info: \pdf@primitive is available.
Package pdftexcmds Info: \pdf@ifprimitive is available.
Package pdftexcmds Info: \pdfdraftmode found.
)
(C:\Users\loren\AppData\Local\Programs\MiKTeX\tex/generic/kvsetkeys\kvsetkeys.s
ty
Package: kvsetkeys 2019/12/15 v1.18 Key value parser (HO)
)
(C:\Users\loren\AppData\Local\Programs\MiKTeX\tex/generic/kvdefinekeys\kvdefine
keys.sty
Package: kvdefinekeys 2019-12-19 v1.6 Define keys (HO)
)
(C:\Users\loren\AppData\Local\Programs\MiKTeX\tex/generic/pdfescape\pdfescape.s
ty
Package: pdfescape 2019/12/09 v1.15 Implements pdfTeX's escape features (HO)
) (C:\Users\loren\AppData\Local\Programs\MiKTeX\tex/latex/hycolor\hycolor.sty
Package: hycolor 2020-01-27 v1.10 Color options for hyperref/bookmark (HO)
)
(C:\Users\loren\AppData\Local\Programs\MiKTeX\tex/latex/letltxmacro\letltxmacro
.sty
Package: letltxmacro 2019/12/03 v1.6 Let assignment for LaTeX macros (HO)
)
(C:\Users\loren\AppData\Local\Programs\MiKTeX\tex/latex/auxhook\auxhook.sty
Package: auxhook 2019-12-17 v1.6 Hooks for auxiliary files (HO)
)
(C:\Users\loren\AppData\Local\Programs\MiKTeX\tex/latex/kvoptions\kvoptions.sty
Package: kvoptions 2020-10-07 v3.14 Key value format for package options (HO)
)
\@linkdim=\dimen156
\Hy@linkcounter=\count275
\Hy@pagecounter=\count276
 (C:\Users\loren\AppData\Local\Programs\MiKTeX\tex/latex/hyperref\pd1enc.def
File: pd1enc.def 2021-06-07 v7.00m Hyperref: PDFDocEncoding definition (HO)
Now handling font encoding PD1 ...
... no UTF-8 mapping file for font encoding PD1
)
(C:\Users\loren\AppData\Local\Programs\MiKTeX\tex/latex/hyperref\hyperref-langp
atches.def
File: hyperref-langpatches.def 2021-06-07 v7.00m Hyperref: patches for babel la
nguages
)
(C:\Users\loren\AppData\Local\Programs\MiKTeX\tex/generic/intcalc\intcalc.sty
Package: intcalc 2019/12/15 v1.3 Expandable calculations with integers (HO)
)
(C:\Users\loren\AppData\Local\Programs\MiKTeX\tex/generic/etexcmds\etexcmds.sty
Package: etexcmds 2019/12/15 v1.7 Avoid name clashes with e-TeX commands (HO)
)
\Hy@SavedSpaceFactor=\count277
 (C:\Users\loren\AppData\Local\Programs\MiKTeX\tex/latex/hyperref\puenc.def
File: puenc.def 2021-06-07 v7.00m Hyperref: PDF Unicode definition (HO)
Now handling font encoding PU ...
... no UTF-8 mapping file for font encoding PU
)
Package hyperref Info: Option `bookmarksopen' set `true' on input line 4073.
Package hyperref Info: Option `bookmarksnumbered' set `true' on input line 4073
.
Package hyperref Info: Hyper figures OFF on input line 4192.
Package hyperref Info: Link nesting OFF on input line 4197.
Package hyperref Info: Hyper index ON on input line 4200.
Package hyperref Info: Plain pages OFF on input line 4207.
Package hyperref Info: Backreferencing OFF on input line 4212.
Package hyperref Info: Implicit mode ON; LaTeX internals redefined.
Package hyperref Info: Bookmarks ON on input line 4445.
\c@Hy@tempcnt=\count278

(C:\Users\loren\AppData\Local\Programs\MiKTeX\tex/latex/url\url.sty
\Urlmuskip=\muskip16
Package: url 2013/09/16  ver 3.4  Verb mode for urls, etc.
)
LaTeX Info: Redefining \url on input line 4804.
\XeTeXLinkMargin=\dimen157

(C:\Users\loren\AppData\Local\Programs\MiKTeX\tex/generic/bitset\bitset.sty
Package: bitset 2019/12/09 v1.3 Handle bit-vector datatype (HO)

(C:\Users\loren\AppData\Local\Programs\MiKTeX\tex/generic/bigintcalc\bigintcalc
.sty
Package: bigintcalc 2019/12/15 v1.5 Expandable calculations on big integers (HO
)
))
\Fld@menulength=\count279
\Field@Width=\dimen158
\Fld@charsize=\dimen159
Package hyperref Info: Hyper figures OFF on input line 6076.
Package hyperref Info: Link nesting OFF on input line 6081.
Package hyperref Info: Hyper index ON on input line 6084.
Package hyperref Info: backreferencing OFF on input line 6091.
Package hyperref Info: Link coloring OFF on input line 6096.
Package hyperref Info: Link coloring with OCG OFF on input line 6101.
Package hyperref Info: PDF/A mode OFF on input line 6106.
LaTeX Info: Redefining \ref on input line 6146.
LaTeX Info: Redefining \pageref on input line 6150.

(C:\Users\loren\AppData\Local\Programs\MiKTeX\tex/latex/base\atbegshi-ltx.sty
Package: atbegshi-ltx 2021/01/10 v1.0c Emulation of the original atbegshi
package with kernel methods
)
\Hy@abspage=\count280
\c@Item=\count281
\c@Hfootnote=\count282
)
Package hyperref Info: Driver: hpdftex.
(C:\Users\loren\AppData\Local\Programs\MiKTeX\tex/latex/hyperref\hpdftex.def
File: hpdftex.def 2021-06-07 v7.00m Hyperref driver for pdfTeX

(C:\Users\loren\AppData\Local\Programs\MiKTeX\tex/latex/base\atveryend-ltx.sty
Package: atveryend-ltx 2020/08/19 v1.0a Emulation of the original atveryend pac
kage
with kernel methods
)
\Fld@listcount=\count283
\c@bookmark@seq@number=\count284

(C:\Users\loren\AppData\Local\Programs\MiKTeX\tex/latex/rerunfilecheck\rerunfil
echeck.sty
Package: rerunfilecheck 2019/12/05 v1.9 Rerun checks for auxiliary files (HO)

(C:\Users\loren\AppData\Local\Programs\MiKTeX\tex/generic/uniquecounter\uniquec
ounter.sty
Package: uniquecounter 2019/12/15 v1.4 Provide unlimited unique counter (HO)
)
Package uniquecounter Info: New unique counter `rerunfilecheck' on input line 2
86.
)
\Hy@SectionHShift=\skip55
)
(C:\Users\loren\AppData\Local\Programs\MiKTeX\tex/latex/bookmark\bookmark.sty
Package: bookmark 2020-11-06 v1.29 PDF bookmarks (HO)

(C:\Users\loren\AppData\Local\Programs\MiKTeX\tex/latex/bookmark\bkm-pdftex.def
File: bkm-pdftex.def 2020-11-06 v1.29 bookmark driver for pdfTeX (HO)
\BKM@id=\count285
))
(C:\Users\loren\AppData\Local\Programs\MiKTeX\tex/latex/preprint\fullpage.sty
Package: fullpage 1999/02/23 1.1 (PWD)
\FP@margin=\skip56
)
(C:\Users\loren\AppData\Local\Programs\MiKTeX\tex/latex/fancyhdr\fancyhdr.sty
Package: fancyhdr 2021/01/28 v4.0.1 Extensive control of page headers and foote
rs
\f@nch@headwidth=\skip57
\f@nch@O@elh=\skip58
\f@nch@O@erh=\skip59
\f@nch@O@olh=\skip60
\f@nch@O@orh=\skip61
\f@nch@O@elf=\skip62
\f@nch@O@erf=\skip63
\f@nch@O@olf=\skip64
\f@nch@O@orf=\skip65
)
(C:\Users\loren\AppData\Local\Programs\MiKTeX\tex/latex/microtype\microtype.sty
Package: microtype 2022/06/23 v3.0f Micro-typographical refinements (RS)
\MT@toks=\toks25
\MT@tempbox=\box55
\MT@count=\count286
LaTeX Info: Redefining \noprotrusionifhmode on input line 1045.
LaTeX Info: Redefining \leftprotrusion on input line 1046.
LaTeX Info: Redefining \rightprotrusion on input line 1056.
LaTeX Info: Redefining \textls on input line 1234.
\MT@outer@kern=\dimen160
LaTeX Info: Redefining \textmicrotypecontext on input line 1858.
\MT@listname@count=\count287

(C:\Users\loren\AppData\Local\Programs\MiKTeX\tex/latex/microtype\microtype-pdf
tex.def
File: microtype-pdftex.def 2022/06/23 v3.0f Definitions specific to pdftex (RS)

LaTeX Info: Redefining \lsstyle on input line 900.
LaTeX Info: Redefining \lslig on input line 900.
\MT@outer@space=\skip66
)
Package microtype Info: Loading configuration file microtype.cfg.

(C:\Users\loren\AppData\Local\Programs\MiKTeX\tex/latex/microtype\microtype.cfg
File: microtype.cfg 2022/06/23 v3.0f microtype main configuration file (RS)
)) (C:\Users\loren\AppData\Local\Programs\MiKTeX\tex/latex/lm\lmodern.sty
Package: lmodern 2009/10/30 v1.6 Latin Modern Fonts
LaTeX Font Info:    Overwriting symbol font `operators' in version `normal'
(Font)                  OT1/cmr/m/n --> OT1/lmr/m/n on input line 22.
LaTeX Font Info:    Overwriting symbol font `letters' in version `normal'
(Font)                  OML/cmm/m/it --> OML/lmm/m/it on input line 23.
LaTeX Font Info:    Overwriting symbol font `symbols' in version `normal'
(Font)                  OMS/cmsy/m/n --> OMS/lmsy/m/n on input line 24.
LaTeX Font Info:    Overwriting symbol font `largesymbols' in version `normal'
(Font)                  OMX/cmex/m/n --> OMX/lmex/m/n on input line 25.
LaTeX Font Info:    Overwriting symbol font `operators' in version `bold'
(Font)                  OT1/cmr/bx/n --> OT1/lmr/bx/n on input line 26.
LaTeX Font Info:    Overwriting symbol font `letters' in version `bold'
(Font)                  OML/cmm/b/it --> OML/lmm/b/it on input line 27.
LaTeX Font Info:    Overwriting symbol font `symbols' in version `bold'
(Font)                  OMS/cmsy/b/n --> OMS/lmsy/b/n on input line 28.
LaTeX Font Info:    Overwriting symbol font `largesymbols' in version `bold'
(Font)                  OMX/cmex/m/n --> OMX/lmex/m/n on input line 29.
LaTeX Font Info:    Overwriting math alphabet `\mathbf' in version `normal'
(Font)                  OT1/cmr/bx/n --> OT1/lmr/bx/n on input line 31.
LaTeX Font Info:    Overwriting math alphabet `\mathsf' in version `normal'
(Font)                  OT1/cmss/m/n --> OT1/lmss/m/n on input line 32.
LaTeX Font Info:    Overwriting math alphabet `\mathit' in version `normal'
(Font)                  OT1/cmr/m/it --> OT1/lmr/m/it on input line 33.
LaTeX Font Info:    Overwriting math alphabet `\mathtt' in version `normal'
(Font)                  OT1/cmtt/m/n --> OT1/lmtt/m/n on input line 34.
LaTeX Font Info:    Overwriting math alphabet `\mathbf' in version `bold'
(Font)                  OT1/cmr/bx/n --> OT1/lmr/bx/n on input line 35.
LaTeX Font Info:    Overwriting math alphabet `\mathsf' in version `bold'
(Font)                  OT1/cmss/bx/n --> OT1/lmss/bx/n on input line 36.
LaTeX Font Info:    Overwriting math alphabet `\mathit' in version `bold'
(Font)                  OT1/cmr/bx/it --> OT1/lmr/bx/it on input line 37.
LaTeX Font Info:    Overwriting math alphabet `\mathtt' in version `bold'
(Font)                  OT1/cmtt/m/n --> OT1/lmtt/m/n on input line 38.
)
(C:\Users\loren\AppData\Local\Programs\MiKTeX\tex/latex/amsfonts\amssymb.sty
Package: amssymb 2013/01/14 v3.01 AMS font symbols

(C:\Users\loren\AppData\Local\Programs\MiKTeX\tex/latex/amsfonts\amsfonts.sty
Package: amsfonts 2013/01/14 v3.01 Basic AMSFonts support
\@emptytoks=\toks26
\symAMSa=\mathgroup4
\symAMSb=\mathgroup5
LaTeX Font Info:    Redeclaring math symbol \hbar on input line 98.
LaTeX Font Info:    Overwriting math alphabet `\mathfrak' in version `bold'
(Font)                  U/euf/m/n --> U/euf/b/n on input line 106.
)) (C:\Users\loren\AppData\Local\Programs\MiKTeX\tex/latex/framed\framed.sty
Package: framed 2011/10/22 v 0.96: framed or shaded text with page breaks
\OuterFrameSep=\skip67
\fb@frw=\dimen161
\fb@frh=\dimen162
\FrameRule=\dimen163
\FrameSep=\dimen164
)
(C:\Users\loren\AppData\Local\Programs\MiKTeX\tex/latex/wrapfig\wrapfig.sty
\wrapoverhang=\dimen165
\WF@size=\dimen166
\c@WF@wrappedlines=\count288
\WF@box=\box56
\WF@everypar=\toks27
Package: wrapfig 2003/01/31  v 3.6
)
(C:\Users\loren\AppData\Local\Programs\MiKTeX\tex/latex/tools\verbatim.sty
Package: verbatim 2020-07-07 v1.5u LaTeX2e package for verbatim enhancements
\every@verbatim=\toks28
\verbatim@line=\toks29
\verbatim@in@stream=\read3
)
(C:\Users\loren\AppData\Local\Programs\MiKTeX\tex/latex/enumitem\enumitem.sty
Package: enumitem 2019/06/20 v3.9 Customized lists
\labelindent=\skip68
\enit@outerparindent=\dimen167
\enit@toks=\toks30
\enit@inbox=\box57
\enit@count@id=\count289
\enitdp@description=\count290
)
(C:\Users\loren\AppData\Local\Programs\MiKTeX\tex/latex/todonotes\todonotes.sty
Package: todonotes 2021/06/04 v1.1.5 Todonotes source and documentation.
Package: todonotes 2021/06/04
(C:\Users\loren\AppData\Local\Programs\MiKTeX\tex/latex/xkeyval\xkeyval.sty
Package: xkeyval 2020/11/20 v2.8 package option processing (HA)

(C:\Users\loren\AppData\Local\Programs\MiKTeX\tex/generic/xkeyval\xkeyval.tex
(C:\Users\loren\AppData\Local\Programs\MiKTeX\tex/generic/xkeyval\xkvutils.tex
\XKV@toks=\toks31
\XKV@tempa@toks=\toks32
)
\XKV@depth=\count291
File: xkeyval.tex 2014/12/03 v2.7a key=value parser (HA)
))
(C:\Users\loren\AppData\Local\Programs\MiKTeX\tex/latex/pgf/frontendlayer\tikz.
sty
(C:\Users\loren\AppData\Local\Programs\MiKTeX\tex/latex/pgf/basiclayer\pgf.sty
(C:\Users\loren\AppData\Local\Programs\MiKTeX\tex/latex/pgf/utilities\pgfrcs.st
y
(C:\Users\loren\AppData\Local\Programs\MiKTeX\tex/generic/pgf/utilities\pgfutil
-common.tex
\pgfutil@everybye=\toks33
\pgfutil@tempdima=\dimen168
\pgfutil@tempdimb=\dimen169

(C:\Users\loren\AppData\Local\Programs\MiKTeX\tex/generic/pgf/utilities\pgfutil
-common-lists.tex))
(C:\Users\loren\AppData\Local\Programs\MiKTeX\tex/generic/pgf/utilities\pgfutil
-latex.def
\pgfutil@abb=\box58
)
(C:\Users\loren\AppData\Local\Programs\MiKTeX\tex/generic/pgf/utilities\pgfrcs.
code.tex
(C:\Users\loren\AppData\Local\Programs\MiKTeX\tex/generic/pgf\pgf.revision.tex)
Package: pgfrcs 2021/05/15 v3.1.9a (3.1.9a)
))
Package: pgf 2021/05/15 v3.1.9a (3.1.9a)

(C:\Users\loren\AppData\Local\Programs\MiKTeX\tex/latex/pgf/basiclayer\pgfcore.
sty
(C:\Users\loren\AppData\Local\Programs\MiKTeX\tex/latex/pgf/systemlayer\pgfsys.
sty
(C:\Users\loren\AppData\Local\Programs\MiKTeX\tex/generic/pgf/systemlayer\pgfsy
s.code.tex
Package: pgfsys 2021/05/15 v3.1.9a (3.1.9a)

(C:\Users\loren\AppData\Local\Programs\MiKTeX\tex/generic/pgf/utilities\pgfkeys
.code.tex
\pgfkeys@pathtoks=\toks34
\pgfkeys@temptoks=\toks35

(C:\Users\loren\AppData\Local\Programs\MiKTeX\tex/generic/pgf/utilities\pgfkeys
filtered.code.tex
\pgfkeys@tmptoks=\toks36
))
\pgf@x=\dimen170
\pgf@y=\dimen171
\pgf@xa=\dimen172
\pgf@ya=\dimen173
\pgf@xb=\dimen174
\pgf@yb=\dimen175
\pgf@xc=\dimen176
\pgf@yc=\dimen177
\pgf@xd=\dimen178
\pgf@yd=\dimen179
\w@pgf@writea=\write3
\r@pgf@reada=\read4
\c@pgf@counta=\count292
\c@pgf@countb=\count293
\c@pgf@countc=\count294
\c@pgf@countd=\count295
\t@pgf@toka=\toks37
\t@pgf@tokb=\toks38
\t@pgf@tokc=\toks39
\pgf@sys@id@count=\count296

(C:\Users\loren\AppData\Local\Programs\MiKTeX\tex/generic/pgf/systemlayer\pgf.c
fg
File: pgf.cfg 2021/05/15 v3.1.9a (3.1.9a)
)
Driver file for pgf: pgfsys-pdftex.def

(C:\Users\loren\AppData\Local\Programs\MiKTeX\tex/generic/pgf/systemlayer\pgfsy
s-pdftex.def
File: pgfsys-pdftex.def 2021/05/15 v3.1.9a (3.1.9a)

(C:\Users\loren\AppData\Local\Programs\MiKTeX\tex/generic/pgf/systemlayer\pgfsy
s-common-pdf.def
File: pgfsys-common-pdf.def 2021/05/15 v3.1.9a (3.1.9a)
)))
(C:\Users\loren\AppData\Local\Programs\MiKTeX\tex/generic/pgf/systemlayer\pgfsy
ssoftpath.code.tex
File: pgfsyssoftpath.code.tex 2021/05/15 v3.1.9a (3.1.9a)
\pgfsyssoftpath@smallbuffer@items=\count297
\pgfsyssoftpath@bigbuffer@items=\count298
)
(C:\Users\loren\AppData\Local\Programs\MiKTeX\tex/generic/pgf/systemlayer\pgfsy
sprotocol.code.tex
File: pgfsysprotocol.code.tex 2021/05/15 v3.1.9a (3.1.9a)
))
(C:\Users\loren\AppData\Local\Programs\MiKTeX\tex/generic/pgf/basiclayer\pgfcor
e.code.tex
Package: pgfcore 2021/05/15 v3.1.9a (3.1.9a)

(C:\Users\loren\AppData\Local\Programs\MiKTeX\tex/generic/pgf/math\pgfmath.code
.tex
(C:\Users\loren\AppData\Local\Programs\MiKTeX\tex/generic/pgf/math\pgfmathcalc.
code.tex
(C:\Users\loren\AppData\Local\Programs\MiKTeX\tex/generic/pgf/math\pgfmathutil.
code.tex)
(C:\Users\loren\AppData\Local\Programs\MiKTeX\tex/generic/pgf/math\pgfmathparse
r.code.tex
\pgfmath@dimen=\dimen180
\pgfmath@count=\count299
\pgfmath@box=\box59
\pgfmath@toks=\toks40
\pgfmath@stack@operand=\toks41
\pgfmath@stack@operation=\toks42
)
(C:\Users\loren\AppData\Local\Programs\MiKTeX\tex/generic/pgf/math\pgfmathfunct
ions.code.tex
(C:\Users\loren\AppData\Local\Programs\MiKTeX\tex/generic/pgf/math\pgfmathfunct
ions.basic.code.tex)
(C:\Users\loren\AppData\Local\Programs\MiKTeX\tex/generic/pgf/math\pgfmathfunct
ions.trigonometric.code.tex)
(C:\Users\loren\AppData\Local\Programs\MiKTeX\tex/generic/pgf/math\pgfmathfunct
ions.random.code.tex)
(C:\Users\loren\AppData\Local\Programs\MiKTeX\tex/generic/pgf/math\pgfmathfunct
ions.comparison.code.tex)
(C:\Users\loren\AppData\Local\Programs\MiKTeX\tex/generic/pgf/math\pgfmathfunct
ions.base.code.tex)
(C:\Users\loren\AppData\Local\Programs\MiKTeX\tex/generic/pgf/math\pgfmathfunct
ions.round.code.tex)
(C:\Users\loren\AppData\Local\Programs\MiKTeX\tex/generic/pgf/math\pgfmathfunct
ions.misc.code.tex)
(C:\Users\loren\AppData\Local\Programs\MiKTeX\tex/generic/pgf/math\pgfmathfunct
ions.integerarithmetics.code.tex)))
(C:\Users\loren\AppData\Local\Programs\MiKTeX\tex/generic/pgf/math\pgfmathfloat
.code.tex
\c@pgfmathroundto@lastzeros=\count300
))
(C:\Users\loren\AppData\Local\Programs\MiKTeX\tex/generic/pgf/math\pgfint.code.
tex)
(C:\Users\loren\AppData\Local\Programs\MiKTeX\tex/generic/pgf/basiclayer\pgfcor
epoints.code.tex
File: pgfcorepoints.code.tex 2021/05/15 v3.1.9a (3.1.9a)
\pgf@picminx=\dimen181
\pgf@picmaxx=\dimen182
\pgf@picminy=\dimen183
\pgf@picmaxy=\dimen184
\pgf@pathminx=\dimen185
\pgf@pathmaxx=\dimen186
\pgf@pathminy=\dimen187
\pgf@pathmaxy=\dimen188
\pgf@xx=\dimen189
\pgf@xy=\dimen190
\pgf@yx=\dimen191
\pgf@yy=\dimen192
\pgf@zx=\dimen193
\pgf@zy=\dimen194
)
(C:\Users\loren\AppData\Local\Programs\MiKTeX\tex/generic/pgf/basiclayer\pgfcor
epathconstruct.code.tex
File: pgfcorepathconstruct.code.tex 2021/05/15 v3.1.9a (3.1.9a)
\pgf@path@lastx=\dimen195
\pgf@path@lasty=\dimen196
)
(C:\Users\loren\AppData\Local\Programs\MiKTeX\tex/generic/pgf/basiclayer\pgfcor
epathusage.code.tex
File: pgfcorepathusage.code.tex 2021/05/15 v3.1.9a (3.1.9a)
\pgf@shorten@end@additional=\dimen197
\pgf@shorten@start@additional=\dimen198
)
(C:\Users\loren\AppData\Local\Programs\MiKTeX\tex/generic/pgf/basiclayer\pgfcor
escopes.code.tex
File: pgfcorescopes.code.tex 2021/05/15 v3.1.9a (3.1.9a)
\pgfpic=\box60
\pgf@hbox=\box61
\pgf@layerbox@main=\box62
\pgf@picture@serial@count=\count301
)
(C:\Users\loren\AppData\Local\Programs\MiKTeX\tex/generic/pgf/basiclayer\pgfcor
egraphicstate.code.tex
File: pgfcoregraphicstate.code.tex 2021/05/15 v3.1.9a (3.1.9a)
\pgflinewidth=\dimen199
)
(C:\Users\loren\AppData\Local\Programs\MiKTeX\tex/generic/pgf/basiclayer\pgfcor
etransformations.code.tex
File: pgfcoretransformations.code.tex 2021/05/15 v3.1.9a (3.1.9a)
\pgf@pt@x=\dimen256
\pgf@pt@y=\dimen257
\pgf@pt@temp=\dimen258
)
(C:\Users\loren\AppData\Local\Programs\MiKTeX\tex/generic/pgf/basiclayer\pgfcor
equick.code.tex
File: pgfcorequick.code.tex 2021/05/15 v3.1.9a (3.1.9a)
)
(C:\Users\loren\AppData\Local\Programs\MiKTeX\tex/generic/pgf/basiclayer\pgfcor
eobjects.code.tex
File: pgfcoreobjects.code.tex 2021/05/15 v3.1.9a (3.1.9a)
)
(C:\Users\loren\AppData\Local\Programs\MiKTeX\tex/generic/pgf/basiclayer\pgfcor
epathprocessing.code.tex
File: pgfcorepathprocessing.code.tex 2021/05/15 v3.1.9a (3.1.9a)
)
(C:\Users\loren\AppData\Local\Programs\MiKTeX\tex/generic/pgf/basiclayer\pgfcor
earrows.code.tex
File: pgfcorearrows.code.tex 2021/05/15 v3.1.9a (3.1.9a)
\pgfarrowsep=\dimen259
)
(C:\Users\loren\AppData\Local\Programs\MiKTeX\tex/generic/pgf/basiclayer\pgfcor
eshade.code.tex
File: pgfcoreshade.code.tex 2021/05/15 v3.1.9a (3.1.9a)
\pgf@max=\dimen260
\pgf@sys@shading@range@num=\count302
\pgf@shadingcount=\count303
)
(C:\Users\loren\AppData\Local\Programs\MiKTeX\tex/generic/pgf/basiclayer\pgfcor
eimage.code.tex
File: pgfcoreimage.code.tex 2021/05/15 v3.1.9a (3.1.9a)

(C:\Users\loren\AppData\Local\Programs\MiKTeX\tex/generic/pgf/basiclayer\pgfcor
eexternal.code.tex
File: pgfcoreexternal.code.tex 2021/05/15 v3.1.9a (3.1.9a)
\pgfexternal@startupbox=\box63
))
(C:\Users\loren\AppData\Local\Programs\MiKTeX\tex/generic/pgf/basiclayer\pgfcor
elayers.code.tex
File: pgfcorelayers.code.tex 2021/05/15 v3.1.9a (3.1.9a)
)
(C:\Users\loren\AppData\Local\Programs\MiKTeX\tex/generic/pgf/basiclayer\pgfcor
etransparency.code.tex
File: pgfcoretransparency.code.tex 2021/05/15 v3.1.9a (3.1.9a)
)
(C:\Users\loren\AppData\Local\Programs\MiKTeX\tex/generic/pgf/basiclayer\pgfcor
epatterns.code.tex
File: pgfcorepatterns.code.tex 2021/05/15 v3.1.9a (3.1.9a)
)
(C:\Users\loren\AppData\Local\Programs\MiKTeX\tex/generic/pgf/basiclayer\pgfcor
erdf.code.tex
File: pgfcorerdf.code.tex 2021/05/15 v3.1.9a (3.1.9a)
)))
(C:\Users\loren\AppData\Local\Programs\MiKTeX\tex/generic/pgf/modules\pgfmodule
shapes.code.tex
File: pgfmoduleshapes.code.tex 2021/05/15 v3.1.9a (3.1.9a)
\pgfnodeparttextbox=\box64
)
(C:\Users\loren\AppData\Local\Programs\MiKTeX\tex/generic/pgf/modules\pgfmodule
plot.code.tex
File: pgfmoduleplot.code.tex 2021/05/15 v3.1.9a (3.1.9a)
)
(C:\Users\loren\AppData\Local\Programs\MiKTeX\tex/latex/pgf/compatibility\pgfco
mp-version-0-65.sty
Package: pgfcomp-version-0-65 2021/05/15 v3.1.9a (3.1.9a)
\pgf@nodesepstart=\dimen261
\pgf@nodesepend=\dimen262
)
(C:\Users\loren\AppData\Local\Programs\MiKTeX\tex/latex/pgf/compatibility\pgfco
mp-version-1-18.sty
Package: pgfcomp-version-1-18 2021/05/15 v3.1.9a (3.1.9a)
))
(C:\Users\loren\AppData\Local\Programs\MiKTeX\tex/latex/pgf/utilities\pgffor.st
y
(C:\Users\loren\AppData\Local\Programs\MiKTeX\tex/latex/pgf/utilities\pgfkeys.s
ty
(C:\Users\loren\AppData\Local\Programs\MiKTeX\tex/generic/pgf/utilities\pgfkeys
.code.tex))
(C:\Users\loren\AppData\Local\Programs\MiKTeX\tex/latex/pgf/math\pgfmath.sty
(C:\Users\loren\AppData\Local\Programs\MiKTeX\tex/generic/pgf/math\pgfmath.code
.tex))
(C:\Users\loren\AppData\Local\Programs\MiKTeX\tex/generic/pgf/utilities\pgffor.
code.tex
Package: pgffor 2021/05/15 v3.1.9a (3.1.9a)

(C:\Users\loren\AppData\Local\Programs\MiKTeX\tex/generic/pgf/math\pgfmath.code
.tex)
\pgffor@iter=\dimen263
\pgffor@skip=\dimen264
\pgffor@stack=\toks43
\pgffor@toks=\toks44
))
(C:\Users\loren\AppData\Local\Programs\MiKTeX\tex/generic/pgf/frontendlayer/tik
z\tikz.code.tex
Package: tikz 2021/05/15 v3.1.9a (3.1.9a)

(C:\Users\loren\AppData\Local\Programs\MiKTeX\tex/generic/pgf/libraries\pgflibr
aryplothandlers.code.tex
File: pgflibraryplothandlers.code.tex 2021/05/15 v3.1.9a (3.1.9a)
\pgf@plot@mark@count=\count304
\pgfplotmarksize=\dimen265
)
\tikz@lastx=\dimen266
\tikz@lasty=\dimen267
\tikz@lastxsaved=\dimen268
\tikz@lastysaved=\dimen269
\tikz@lastmovetox=\dimen270
\tikz@lastmovetoy=\dimen271
\tikzleveldistance=\dimen272
\tikzsiblingdistance=\dimen273
\tikz@figbox=\box65
\tikz@figbox@bg=\box66
\tikz@tempbox=\box67
\tikz@tempbox@bg=\box68
\tikztreelevel=\count305
\tikznumberofchildren=\count306
\tikznumberofcurrentchild=\count307
\tikz@fig@count=\count308

(C:\Users\loren\AppData\Local\Programs\MiKTeX\tex/generic/pgf/modules\pgfmodule
matrix.code.tex
File: pgfmodulematrix.code.tex 2021/05/15 v3.1.9a (3.1.9a)
\pgfmatrixcurrentrow=\count309
\pgfmatrixcurrentcolumn=\count310
\pgf@matrix@numberofcolumns=\count311
)
\tikz@expandcount=\count312

(C:\Users\loren\AppData\Local\Programs\MiKTeX\tex/generic/pgf/frontendlayer/tik
z/libraries\tikzlibrarytopaths.code.tex
File: tikzlibrarytopaths.code.tex 2021/05/15 v3.1.9a (3.1.9a)
)))
(C:\Users\loren\AppData\Local\Programs\MiKTeX\tex/generic/pgf/frontendlayer/tik
z/libraries\tikzlibrarypositioning.code.tex
File: tikzlibrarypositioning.code.tex 2021/05/15 v3.1.9a (3.1.9a)
)
\c@@todonotes@numberoftodonotes=\count313
)
(C:\Users\loren\AppData\Local\Programs\MiKTeX\tex/latex/base\makeidx.sty
Package: makeidx 2021/10/04 v1.0m Standard LaTeX package
)
\@indexfile=\write4
\openout4 = `bericht.idx'.


Writing index file bericht.idx
(C:\Users\loren\AppData\Local\Programs\MiKTeX\tex/latex/biblatex\biblatex.sty
Package: biblatex 2020/12/31 v3.16 programmable bibliographies (PK/MW)

(C:\Users\loren\AppData\Local\Programs\MiKTeX\tex/latex/logreq\logreq.sty
Package: logreq 2010/08/04 v1.0 xml request logger
\lrq@indent=\count314

(C:\Users\loren\AppData\Local\Programs\MiKTeX\tex/latex/logreq\logreq.def
File: logreq.def 2010/08/04 v1.0 logreq spec v1.0
))
\c@tabx@nest=\count315
\c@listtotal=\count316
\c@listcount=\count317
\c@liststart=\count318
\c@liststop=\count319
\c@citecount=\count320
\c@citetotal=\count321
\c@multicitecount=\count322
\c@multicitetotal=\count323
\c@instcount=\count324
\c@maxnames=\count325
\c@minnames=\count326
\c@maxitems=\count327
\c@minitems=\count328
\c@citecounter=\count329
\c@maxcitecounter=\count330
\c@savedcitecounter=\count331
\c@uniquelist=\count332
\c@uniquename=\count333
\c@refsection=\count334
\c@refsegment=\count335
\c@maxextratitle=\count336
\c@maxextratitleyear=\count337
\c@maxextraname=\count338
\c@maxextradate=\count339
\c@maxextraalpha=\count340
\c@abbrvpenalty=\count341
\c@highnamepenalty=\count342
\c@lownamepenalty=\count343
\c@maxparens=\count344
\c@parenlevel=\count345
\blx@tempcnta=\count346
\blx@tempcntb=\count347
\blx@tempcntc=\count348
\blx@maxsection=\count349
\blx@maxsegment@0=\count350
\blx@notetype=\count351
\blx@parenlevel@text=\count352
\blx@parenlevel@foot=\count353
\blx@sectionciteorder@0=\count354
\blx@entrysetcounter=\count355
\blx@biblioinstance=\count356
\labelnumberwidth=\skip69
\labelalphawidth=\skip70
\biblabelsep=\skip71
\bibitemsep=\skip72
\bibnamesep=\skip73
\bibinitsep=\skip74
\bibparsep=\skip75
\bibhang=\skip76
\blx@bcfin=\read5
\blx@bcfout=\write5
\blx@langwohyphens=\language80
\c@mincomprange=\count357
\c@maxcomprange=\count358
\c@mincompwidth=\count359
Package biblatex Info: Trying to load biblatex default data model...
Package biblatex Info: ... file 'blx-dm.def' found.

(C:\Users\loren\AppData\Local\Programs\MiKTeX\tex/latex/biblatex\blx-dm.def
File: blx-dm.def 2020/12/31 v3.16 biblatex localization (PK/MW)
)
Package biblatex Info: Trying to load biblatex style data model...
Package biblatex Info: ... file 'authoryear-comp.dbx' not found.
Package biblatex Info: Trying to load biblatex custom data model...
Package biblatex Info: ... file 'biblatex-dm.cfg' not found.
\c@afterword=\count360
\c@savedafterword=\count361
\c@annotator=\count362
\c@savedannotator=\count363
\c@author=\count364
\c@savedauthor=\count365
\c@bookauthor=\count366
\c@savedbookauthor=\count367
\c@commentator=\count368
\c@savedcommentator=\count369
\c@editor=\count370
\c@savededitor=\count371
\c@editora=\count372
\c@savededitora=\count373
\c@editorb=\count374
\c@savededitorb=\count375
\c@editorc=\count376
\c@savededitorc=\count377
\c@foreword=\count378
\c@savedforeword=\count379
\c@holder=\count380
\c@savedholder=\count381
\c@introduction=\count382
\c@savedintroduction=\count383
\c@namea=\count384
\c@savednamea=\count385
\c@nameb=\count386
\c@savednameb=\count387
\c@namec=\count388
\c@savednamec=\count389
\c@translator=\count390
\c@savedtranslator=\count391
\c@shortauthor=\count392
\c@savedshortauthor=\count393
\c@shorteditor=\count394
\c@savedshorteditor=\count395
\c@labelname=\count396
\c@savedlabelname=\count397
\c@institution=\count398
\c@savedinstitution=\count399
\c@lista=\count400
\c@savedlista=\count401
\c@listb=\count402
\c@savedlistb=\count403
\c@listc=\count404
\c@savedlistc=\count405
\c@listd=\count406
\c@savedlistd=\count407
\c@liste=\count408
\c@savedliste=\count409
\c@listf=\count410
\c@savedlistf=\count411
\c@location=\count412
\c@savedlocation=\count413
\c@organization=\count414
\c@savedorganization=\count415
\c@origlocation=\count416
\c@savedoriglocation=\count417
\c@origpublisher=\count418
\c@savedorigpublisher=\count419
\c@publisher=\count420
\c@savedpublisher=\count421
\c@language=\count422
\c@savedlanguage=\count423
\c@origlanguage=\count424
\c@savedoriglanguage=\count425
\c@pageref=\count426
\c@savedpageref=\count427
\shorthandwidth=\skip77
\shortjournalwidth=\skip78
\shortserieswidth=\skip79
\shorttitlewidth=\skip80
\shortauthorwidth=\skip81
\shorteditorwidth=\skip82
\locallabelnumberwidth=\skip83
\locallabelalphawidth=\skip84
\localshorthandwidth=\skip85
\localshortjournalwidth=\skip86
\localshortserieswidth=\skip87
\localshorttitlewidth=\skip88
\localshortauthorwidth=\skip89
\localshorteditorwidth=\skip90
Package biblatex Info: Trying to load compatibility code...
Package biblatex Info: ... file 'blx-compat.def' found.

(C:\Users\loren\AppData\Local\Programs\MiKTeX\tex/latex/biblatex\blx-compat.def
File: blx-compat.def 2020/12/31 v3.16 biblatex compatibility (PK/MW)
)
Package biblatex Info: Trying to load BibTeX backend compatibility...
Package biblatex Info: ... file 'blx-bibtex.def' found.

(C:\Users\loren\AppData\Local\Programs\MiKTeX\tex/latex/biblatex\blx-bibtex.def
File: blx-bibtex.def 2020/12/31 v3.16 biblatex compatibility (PK/MW)

Package biblatex Warning: Using fall-back BibTeX(8) backend:
(biblatex)                functionality may be reduced/unavailable.

)
Package biblatex Info: Trying to load generic definitions...
Package biblatex Info: ... file 'biblatex.def' found.
 (C:\Users\loren\AppData\Local\Programs\MiKTeX\tex/latex/biblatex\biblatex.def
File: biblatex.def 2020/12/31 v3.16 biblatex compatibility (PK/MW)
\c@textcitecount=\count428
\c@textcitetotal=\count429
\c@textcitemaxnames=\count430
\c@biburlbigbreakpenalty=\count431
\c@biburlbreakpenalty=\count432
\c@biburlnumpenalty=\count433
\c@biburlucpenalty=\count434
\c@biburllcpenalty=\count435
\biburlbigskip=\muskip17
\biburlnumskip=\muskip18
\biburlucskip=\muskip19
\biburllcskip=\muskip20
\c@smartand=\count436
)
Package biblatex Info: Trying to load bibliography style 'authoryear-comp'...
Package biblatex Info: ... file 'authoryear-comp.bbx' found.

(C:\Users\loren\AppData\Local\Programs\MiKTeX\tex/latex/biblatex/bbx\authoryear
-comp.bbx
File: authoryear-comp.bbx 2020/12/31 v3.16 biblatex bibliography style (PK/MW)
Package biblatex Info: Trying to load bibliography style 'authoryear'...
Package biblatex Info: ... file 'authoryear.bbx' found.

(C:\Users\loren\AppData\Local\Programs\MiKTeX\tex/latex/biblatex/bbx\authoryear
.bbx
File: authoryear.bbx 2020/12/31 v3.16 biblatex bibliography style (PK/MW)
Package biblatex Info: Trying to load bibliography style 'standard'...
Package biblatex Info: ... file 'standard.bbx' found.

(C:\Users\loren\AppData\Local\Programs\MiKTeX\tex/latex/biblatex/bbx\standard.b
bx
File: standard.bbx 2020/12/31 v3.16 biblatex bibliography style (PK/MW)
\c@bbx:relatedcount=\count437
\c@bbx:relatedtotal=\count438
)))
Package biblatex Info: Trying to load citation style 'authoryear-comp'...
Package biblatex Info: ... file 'authoryear-comp.cbx' found.

(C:\Users\loren\AppData\Local\Programs\MiKTeX\tex/latex/biblatex/cbx\authoryear
-comp.cbx
File: authoryear-comp.cbx 2020/12/31 v3.16 biblatex citation style (PK/MW)
Package biblatex Info: Redefining '\cite'.
Package biblatex Info: Redefining '\parencite'.
Package biblatex Info: Redefining '\footcite'.
Package biblatex Info: Redefining '\footcitetext'.
Package biblatex Info: Redefining '\smartcite'.
Package biblatex Info: Redefining '\textcite'.
Package biblatex Info: Redefining '\textcites'.
Package biblatex Info: Redefining '\cites'.
Package biblatex Info: Redefining '\parencites'.
Package biblatex Info: Redefining '\footcites'.
Package biblatex Info: Redefining '\footcitetexts'.
Package biblatex Info: Redefining '\smartcites'.
)
Package biblatex Info: Trying to load configuration file...
Package biblatex Info: ... file 'biblatex.cfg' found.

(C:\Users\loren\AppData\Local\Programs\MiKTeX\tex/latex/biblatex\biblatex.cfg
File: biblatex.cfg 
))
Package biblatex Info: Redefining '\citeurl' on input line 128.
(C:\Users\loren\AppData\Local\Programs\MiKTeX\tex/latex/listings\listings.sty
\lst@mode=\count439
\lst@gtempboxa=\box69
\lst@token=\toks45
\lst@length=\count440
\lst@currlwidth=\dimen274
\lst@column=\count441
\lst@pos=\count442
\lst@lostspace=\dimen275
\lst@width=\dimen276
\lst@newlines=\count443
\lst@lineno=\count444
\lst@maxwidth=\dimen277

(C:\Users\loren\AppData\Local\Programs\MiKTeX\tex/latex/listings\lstmisc.sty
File: lstmisc.sty 2020/03/24 1.8d (Carsten Heinz)
\c@lstnumber=\count445
\lst@skipnumbers=\count446
\lst@framebox=\box70
)
(C:\Users\loren\AppData\Local\Programs\MiKTeX\tex/latex/listings\listings.cfg
File: listings.cfg 2020/03/24 1.8d listings configuration
))
Package: listings 2020/03/24 1.8d (Carsten Heinz)
(C:\Users\loren\AppData\Local\Programs\MiKTeX\tex/latex/acronym\acronym.sty
Package: acronym 2020/04/17 v1.47 Support for acronyms (Tobias Oetiker)

(C:\Users\loren\AppData\Local\Programs\MiKTeX\tex/latex/bigfoot\suffix.sty
Package: suffix 2006/07/15 1.5a Variant command support
)
(C:\Users\loren\AppData\Local\Programs\MiKTeX\tex/latex/xstring\xstring.sty
(C:\Users\loren\AppData\Local\Programs\MiKTeX\tex/generic/xstring\xstring.tex
\integerpart=\count447
\decimalpart=\count448
)
Package: xstring 2021/07/21 v1.84 String manipulations (CT)
)
\AC@clearlist=\toks46
) (C:\Users\loren\AppData\Local\Programs\MiKTeX\tex/latex/float\float.sty
Package: float 2001/11/08 v1.3d Float enhancements (AL)
\c@float@type=\count449
\float@exts=\toks47
\float@box=\box71
\@float@everytoks=\toks48
\@floatcapt=\box72
)
\@float@every@eq=\toks49
\c@eq=\count450
)
(C:\Users\loren\AppData\Local\Programs\MiKTeX\tex/latex/graphics\lscape.sty
Package: lscape 2020/05/28 v3.02 Landscape Pages (DPC)
)
(C:\Users\loren\AppData\Local\Programs\MiKTeX\tex/latex/amsmath\amsmath.sty
Package: amsmath 2021/10/15 v2.17l AMS math features
\@mathmargin=\skip91

For additional information on amsmath, use the `?' option.
(C:\Users\loren\AppData\Local\Programs\MiKTeX\tex/latex/amsmath\amstext.sty
Package: amstext 2021/08/26 v2.01 AMS text

(C:\Users\loren\AppData\Local\Programs\MiKTeX\tex/latex/amsmath\amsgen.sty
File: amsgen.sty 1999/11/30 v2.0 generic functions
\@emptytoks=\toks50
\ex@=\dimen278
))
(C:\Users\loren\AppData\Local\Programs\MiKTeX\tex/latex/amsmath\amsbsy.sty
Package: amsbsy 1999/11/29 v1.2d Bold Symbols
\pmbraise@=\dimen279
)
(C:\Users\loren\AppData\Local\Programs\MiKTeX\tex/latex/amsmath\amsopn.sty
Package: amsopn 2021/08/26 v2.02 operator names
)
\inf@bad=\count451
LaTeX Info: Redefining \frac on input line 234.
\uproot@=\count452
\leftroot@=\count453
LaTeX Info: Redefining \overline on input line 399.
\classnum@=\count454
\DOTSCASE@=\count455
LaTeX Info: Redefining \ldots on input line 496.
LaTeX Info: Redefining \dots on input line 499.
LaTeX Info: Redefining \cdots on input line 620.
\Mathstrutbox@=\box73
\strutbox@=\box74
\big@size=\dimen280
LaTeX Font Info:    Redeclaring font encoding OML on input line 743.
LaTeX Font Info:    Redeclaring font encoding OMS on input line 744.
\macc@depth=\count456
\c@MaxMatrixCols=\count457
\dotsspace@=\muskip21
\c@parentequation=\count458
\dspbrk@lvl=\count459
\tag@help=\toks51
\row@=\count460
\column@=\count461
\maxfields@=\count462
\andhelp@=\toks52
\eqnshift@=\dimen281
\alignsep@=\dimen282
\tagshift@=\dimen283
\tagwidth@=\dimen284
\totwidth@=\dimen285
\lineht@=\dimen286
\@envbody=\toks53
\multlinegap=\skip92
\multlinetaggap=\skip93
\mathdisplay@stack=\toks54
LaTeX Info: Redefining \[ on input line 2938.
LaTeX Info: Redefining \] on input line 2939.
)
(C:\Users\loren\AppData\Local\Programs\MiKTeX\tex/latex/blindtext\blindtext.sty
Package: blindtext 2012/01/06 V2.0 blindtext-Package
\c@blindtext=\count463
\c@Blindtext=\count464
\c@blind@countparstart=\count465
\blind@countxx=\count466
\blindtext@numBlindtext=\count467
\blind@countyy=\count468
\c@blindlist=\count469
\c@blindlistlevel=\count470
\c@blindlist@level=\count471
\blind@listitem=\count472
\c@blind@listcount=\count473
\c@blind@levelcount=\count474
\blind@mathformula=\count475
\blind@Mathformula=\count476
\c@blind@randomcount=\count477
\c@blind@randommax=\count478
\c@blind@pangramcount=\count479
\c@blind@pangrammax=\count480
)
Package csquotes Info: Checking for multilingual support...
Package csquotes Info: ... found 'babel' package.


Package biblatex Warning: Attempt to redefine deprecated '\mkbibnamelast'.
(biblatex)                Please use '\mkbibnamefamily' instead.
(biblatex)                Using '\mkbibnamefamily'.

LaTeX Font Info:    Trying to load font information for T1+lmr on input line 60
.
(C:\Users\loren\AppData\Local\Programs\MiKTeX\tex/latex/lm\t1lmr.fd
File: t1lmr.fd 2009/10/30 v1.6 Font defs for Latin Modern
)
(C:\Users\loren\AppData\Local\Programs\MiKTeX\tex/latex/l3backend\l3backend-pdf
tex.def
File: l3backend-pdftex.def 2021-12-14 L3 backend support: PDF output (pdfTeX)
\l__color_backend_stack_int=\count481
\l__pdf_internal_box=\box75
) (bericht.aux (input/einleitung.aux) (input/batterie.aux)
(input/motor.aux) (input/Controller.aux) (input/steuergerät.aux)
(input/Schaltung.aux

LaTeX Warning: Label `fig:16' multiply defined.


LaTeX Warning: Label `fig:17' multiply defined.


LaTeX Warning: Label `fig:18' multiply defined.

) (input/Konstruktion.aux) (input/Fazit.aux))
\openout1 = `bericht.aux'.

LaTeX Font Info:    Checking defaults for OML/cmm/m/it on input line 60.
LaTeX Font Info:    ... okay on input line 60.
LaTeX Font Info:    Checking defaults for OMS/cmsy/m/n on input line 60.
LaTeX Font Info:    ... okay on input line 60.
LaTeX Font Info:    Checking defaults for OT1/cmr/m/n on input line 60.
LaTeX Font Info:    ... okay on input line 60.
LaTeX Font Info:    Checking defaults for T1/cmr/m/n on input line 60.
LaTeX Font Info:    ... okay on input line 60.
LaTeX Font Info:    Checking defaults for TS1/cmr/m/n on input line 60.
LaTeX Font Info:    ... okay on input line 60.
LaTeX Font Info:    Checking defaults for OMX/cmex/m/n on input line 60.
LaTeX Font Info:    ... okay on input line 60.
LaTeX Font Info:    Checking defaults for U/cmr/m/n on input line 60.
LaTeX Font Info:    ... okay on input line 60.
LaTeX Font Info:    Checking defaults for PD1/pdf/m/n on input line 60.
LaTeX Font Info:    ... okay on input line 60.
LaTeX Font Info:    Checking defaults for PU/pdf/m/n on input line 60.
LaTeX Font Info:    ... okay on input line 60.

(C:\Users\loren\AppData\Local\Programs\MiKTeX\tex/context/base/mkii\supp-pdf.mk
ii
[Loading MPS to PDF converter (version 2006.09.02).]
\scratchcounter=\count482
\scratchdimen=\dimen287
\scratchbox=\box76
\nofMPsegments=\count483
\nofMParguments=\count484
\everyMPshowfont=\toks55
\MPscratchCnt=\count485
\MPscratchDim=\dimen288
\MPnumerator=\count486
\makeMPintoPDFobject=\count487
\everyMPtoPDFconversion=\toks56
)
(C:\Users\loren\AppData\Local\Programs\MiKTeX\tex/latex/epstopdf-pkg\epstopdf-b
ase.sty
Package: epstopdf-base 2020-01-24 v2.11 Base part for package epstopdf
Package epstopdf-base Info: Redefining graphics rule for `.eps' on input line 4
85.

(C:\Users\loren\AppData\Local\Programs\MiKTeX\tex/latex/00miktex\epstopdf-sys.c
fg
File: epstopdf-sys.cfg 2021/03/18 v2.0 Configuration of epstopdf for MiKTeX
))
(C:\Users\loren\AppData\Local\Programs\MiKTeX\tex/latex/pdflscape\pdflscape.sty
Package: pdflscape 2019/12/05 v0.12 Display of landscape pages in PDF (HO)
)
Package hyperref Info: Link coloring OFF on input line 60.
 (C:\Users\loren\AppData\Local\Programs\MiKTeX\tex/latex/hyperref\nameref.sty
Package: nameref 2021-04-02 v2.47 Cross-referencing by name of section

(C:\Users\loren\AppData\Local\Programs\MiKTeX\tex/latex/refcount\refcount.sty
Package: refcount 2019/12/15 v3.6 Data extraction from label references (HO)
)
(C:\Users\loren\AppData\Local\Programs\MiKTeX\tex/generic/gettitlestring\gettit
lestring.sty
Package: gettitlestring 2019/12/15 v1.6 Cleanup title references (HO)
)
\c@section@level=\count488
)
LaTeX Info: Redefining \ref on input line 60.
LaTeX Info: Redefining \pageref on input line 60.
LaTeX Info: Redefining \nameref on input line 60.
LaTeX Info: Redefining \microtypecontext on input line 60.
Package microtype Info: Applying patch `item' on input line 60.
Package microtype Info: Applying patch `toc' on input line 60.
Package microtype Info: Applying patch `eqnum' on input line 60.
Package microtype Info: Applying patch `footnote' on input line 60.
Package microtype Info: Generating PDF output.
Package microtype Info: Character protrusion enabled (level 2).
Package microtype Info: Using default protrusion set `alltext'.
Package microtype Info: Automatic font expansion enabled (level 2),
(microtype)             stretch: 20, shrink: 20, step: 1, non-selected.
Package microtype Info: Using default expansion set `alltext-nott'.
LaTeX Info: Redefining \showhyphens on input line 60.
Package microtype Info: No adjustment of tracking.
Package microtype Info: No adjustment of interword spacing.
Package microtype Info: No adjustment of character kerning.

(C:\Users\loren\AppData\Local\Programs\MiKTeX\tex/latex/microtype\mt-cmr.cfg
File: mt-cmr.cfg 2013/05/19 v2.2 microtype config. file: Computer Modern Roman 
(RS)
)

Package todonotes Warning: The length marginparwidth is less than 2cm and will 
most likely cause issues with the appearance of inserted todonotes. The issue c
an be solved by adding a line like \setlength {\marginparwidth }{2cm} prior to 
loading the todonotes package. on input line 60.

Package biblatex Info: Trying to load language 'ngerman'...
Package biblatex Info: ... file 'ngerman.lbx' found.

(C:\Users\loren\AppData\Local\Programs\MiKTeX\tex/latex/biblatex/lbx\ngerman.lb
x
File: ngerman.lbx 2020/12/31 v3.16 biblatex localization (PK/MW)
Package biblatex Info: Trying to load language 'german'...
Package biblatex Info: ... file 'german.lbx' found.

(C:\Users\loren\AppData\Local\Programs\MiKTeX\tex/latex/biblatex/lbx\german.lbx
File: german.lbx 2020/12/31 v3.16 biblatex localization (PK/MW)
)
Package biblatex Info: Trying to load language 'german'...
Package biblatex Info: ... file 'german.lbx' found.

(C:\Users\loren\AppData\Local\Programs\MiKTeX\tex/latex/biblatex/lbx\german.lbx
File: german.lbx 2020/12/31 v3.16 biblatex localization (PK/MW)
))
Package biblatex Info: Input encoding 'utf8' detected.
Package biblatex Info: Automatic encoding selection.
(biblatex)             Assuming data encoding 'utf8'.
Package biblatex Info: Input encoding 'utf8' specified.
Package biblatex Info: Data encoding 'utf8' specified.
(biblatex)             No need to reencode data.
Package biblatex Info: Document encoding is UTF8 ....
 (C:\Users\loren\AppData\Local\Programs\MiKTeX\tex/latex/l3kernel\expl3.sty
Package: expl3 2021-11-22 L3 programming layer (loader) 
)
Package biblatex Info: ... and expl3
(biblatex)             2021-11-22 L3 programming layer (loader) 
(biblatex)             is new enough (at least 2020/04/06),
(biblatex)             setting 'casechanger=expl3'.

(C:\Users\loren\AppData\Local\Programs\MiKTeX\tex/latex/biblatex\blx-case-expl3
.sty
(C:\Users\loren\AppData\Local\Programs\MiKTeX\tex/latex/l3packages/xparse\xpars
e.sty
Package: xparse 2021-11-12 L3 Experimental document command parser
)
Package: blx-case-expl3 2020/12/31 v3.16 expl3 case changing code for biblatex
)
\openout5 = `bericht-blx.bib'.

Package biblatex Info: Trying to load bibliographic data...
Package biblatex Info: ... file 'bericht.bbl' found.
 (bericht.bbl)
Package biblatex Info: Reference section=0 on input line 60.
Package biblatex Info: Reference segment=0 on input line 60.
\c@lstlisting=\count489
<images/lion.png, id=6, 198.7425pt x 165.61874pt>
File: images/lion.png Graphic file (type png)
<use images/lion.png>
Package pdftex.def Info: images/lion.png  used on input line 69.
(pdftex.def)             Requested size: 85.35826pt x 71.13379pt.
<dhbw-logo.png, id=7, 542.025pt x 264.99pt>
File: dhbw-logo.png Graphic file (type png)
<use dhbw-logo.png>
Package pdftex.def Info: dhbw-logo.png  used on input line 69.
(pdftex.def)             Requested size: 113.81102pt x 55.6374pt.
Package microtype Info: Character `029' is missing
(microtype)             in font `T1/lmr/m/sc/24.88'.
(microtype)             Ignoring protrusion settings for this character.
LaTeX Font Info:    Trying to load font information for OT1+lmr on input line 8
2.

(C:\Users\loren\AppData\Local\Programs\MiKTeX\tex/latex/lm\ot1lmr.fd
File: ot1lmr.fd 2009/10/30 v1.6 Font defs for Latin Modern
)
LaTeX Font Info:    Trying to load font information for OML+lmm on input line 8
2.

(C:\Users\loren\AppData\Local\Programs\MiKTeX\tex/latex/lm\omllmm.fd
File: omllmm.fd 2009/10/30 v1.6 Font defs for Latin Modern
)
LaTeX Font Info:    Trying to load font information for OMS+lmsy on input line 
82.

(C:\Users\loren\AppData\Local\Programs\MiKTeX\tex/latex/lm\omslmsy.fd
File: omslmsy.fd 2009/10/30 v1.6 Font defs for Latin Modern
)
LaTeX Font Info:    Trying to load font information for OMX+lmex on input line 
82.

(C:\Users\loren\AppData\Local\Programs\MiKTeX\tex/latex/lm\omxlmex.fd
File: omxlmex.fd 2009/10/30 v1.6 Font defs for Latin Modern
)
LaTeX Font Info:    External font `lmex10' loaded for size
(Font)              <10.95> on input line 82.
LaTeX Font Info:    External font `lmex10' loaded for size
(Font)              <8> on input line 82.
LaTeX Font Info:    External font `lmex10' loaded for size
(Font)              <6> on input line 82.
LaTeX Font Info:    Trying to load font information for U+msa on input line 82.


(C:\Users\loren\AppData\Local\Programs\MiKTeX\tex/latex/amsfonts\umsa.fd
File: umsa.fd 2013/01/14 v3.01 AMS symbols A
)
(C:\Users\loren\AppData\Local\Programs\MiKTeX\tex/latex/microtype\mt-msa.cfg
File: mt-msa.cfg 2006/02/04 v1.1 microtype config. file: AMS symbols (a) (RS)
)
LaTeX Font Info:    Trying to load font information for U+msb on input line 82.


(C:\Users\loren\AppData\Local\Programs\MiKTeX\tex/latex/amsfonts\umsb.fd
File: umsb.fd 2013/01/14 v3.01 AMS symbols B
)
(C:\Users\loren\AppData\Local\Programs\MiKTeX\tex/latex/microtype\mt-msb.cfg
File: mt-msb.cfg 2005/06/01 v1.0 microtype config. file: AMS symbols (b) (RS)
)
[1

{C:/Users/loren/AppData/Local/MiKTeX/fonts/map/pdftex/pdftex.map} <./images/lio
n.png (PNG copy)> <C:/Users/loren/AppData/Local/Programs/MiKTeX/tex/latex/iodhb
wm/dhbw-logo.png>] (erklaerung.tex)
pdfTeX warning (ext4): destination with the same identifier (name{page.i}) has 
been already used, duplicate ignored
<to be read again> 
                   \relax 
l.103 \newpage
               [1] (bericht.toc [2

])
\tf@toc=\write6
\openout6 = `bericht.toc'.

 [3] (bericht.lof
Package microtype Info: Character `029' is missing
(microtype)             in font `T1/lmr/m/sc/10.95'.
(microtype)             Ignoring protrusion settings for this character.
LaTeX Font Info:    Trying to load font information for TS1+lmr on input line 3
8.

(C:\Users\loren\AppData\Local\Programs\MiKTeX\tex/latex/lm\ts1lmr.fd
File: ts1lmr.fd 2009/10/30 v1.6 Font defs for Latin Modern
))
\tf@lof=\write7
\openout7 = `bericht.lof'.

 [1

]
\openout2 = `input/einleitung.aux'.


(input/einleitung.tex
Kapitel 1.

Underfull \hbox (badness 10000) in paragraph at lines 4--5

 []


Underfull \hbox (badness 10000) in paragraph at lines 6--7

 []


Underfull \hbox (badness 10000) in paragraph at lines 8--9

 []


Underfull \hbox (badness 10000) in paragraph at lines 10--11

 []

[2


]
<images/E-bike_Übersicht.png, id=221, 510.10574pt x 481.8pt>
File: images/E-bike_Übersicht.png Graphic file (type png)
<use images/E-bike_Übersicht.png>
Package pdftex.def Info: images/E-bike_Übersicht.png  used on input line 30.
(pdftex.def)             Requested size: 227.62204pt x 214.99213pt.
<images/Flussdiagramm_E-bike.png, id=223, 817.8555pt x 449.88075pt>
File: images/Flussdiagramm_E-bike.png Graphic file (type png)
<use images/Flussdiagramm_E-bike.png>
Package pdftex.def Info: images/Flussdiagramm_E-bike.png  used on input line 41
.
(pdftex.def)             Requested size: 312.9803pt x 172.15776pt.


LaTeX Warning: `h' float specifier changed to `ht'.

) [3
pdfTeX warning (ext4): destination with the same identifier (name{figure.1.1}) 
has been already used, duplicate ignored
<argument> ...shipout:D \box_use:N \l_shipout_box 
                                                  \__shipout_drop_firstpage_...
l.117 \include{input/einleitung}
                                 <./images/E-bike_Übersicht.png>] [4
pdfTeX warning (ext4): destination with the same identifier (name{figure.1.2}) 
has been already used, duplicate ignored
<argument> ...shipout:D \box_use:N \l_shipout_box 
                                                  \__shipout_drop_firstpage_...
l.117 \include{input/einleitung}
                                 <./images/Flussdiagramm_E-bike.png>]
\openout2 = `input/batterie.aux'.


(input/batterie.tex
Kapitel 2.

Underfull \hbox (badness 10000) in paragraph at lines 6--8

 []


Underfull \hbox (badness 10000) in paragraph at lines 9--11

 []


Underfull \hbox (badness 10000) in paragraph at lines 13--15

 []


Underfull \hbox (badness 10000) in paragraph at lines 28--30

 []

[5




]
Underfull \hbox (badness 10000) in paragraph at lines 39--42

 []


Underfull \hbox (badness 10000) in paragraph at lines 44--52

 []

<images/18650-VS-21700.jpg, id=246, 732.7375pt x 488.82625pt>
File: images/18650-VS-21700.jpg Graphic file (type jpg)
<use images/18650-VS-21700.jpg>
Package pdftex.def Info: images/18650-VS-21700.jpg  used on input line 58.
(pdftex.def)             Requested size: 227.62204pt x 151.84784pt.

LaTeX Warning: Citation 'Tritek.12132021' on page 6 undefined on input line 59.



Underfull \hbox (badness 10000) in paragraph at lines 66--69

 []

[6
pdfTeX warning (ext4): destination with the same identifier (name{figure.2.1}) 
has been already used, duplicate ignored
<argument> ...shipout:D \box_use:N \l_shipout_box 
                                                  \__shipout_drop_firstpage_...
l.70 D
      ie Verwendung von 21700-Zellen bietet eine Reihe von Vorteilen, die da...
 <./images/18650-VS-21700.jpg>]
Underfull \hbox (badness 10000) in paragraph at lines 70--74

 []


LaTeX Warning: Reference `fig:20' on page 7 undefined on input line 81.


Underfull \hbox (badness 10000) in paragraph at lines 77--82

 []


Underfull \hbox (badness 10000) in paragraph at lines 92--95

 []


Underfull \hbox (badness 10000) in paragraph at lines 96--99

 []


Underfull \hbox (badness 10000) in paragraph at lines 100--104

 []


Underfull \hbox (badness 10000) in paragraph at lines 105--109

 []

[7]
Underfull \hbox (badness 10000) in paragraph at lines 110--113

 []


Underfull \hbox (badness 10000) in paragraph at lines 134--141

 []


Underfull \hbox (badness 10000) in paragraph at lines 144--149

 []

[8]

pdfTeX warning: pdflatex (file ./images/Schaltplan.pdf): PDF inclusion: found P
DF version <1.7>, but at most version <1.5> allowed
<images/Schaltplan.pdf, id=267, 845.07724pt x 597.55246pt>
File: images/Schaltplan.pdf Graphic file (type pdf)
<use images/Schaltplan.pdf>
Package pdftex.def Info: images/Schaltplan.pdf  used on input line 155.
(pdftex.def)             Requested size: 284.52756pt x 201.18655pt.

Underfull \hbox (badness 10000) in paragraph at lines 171--172

 []


Underfull \hbox (badness 10000) in paragraph at lines 173--174

 []


Underfull \hbox (badness 10000) in paragraph at lines 175--176

 []


Underfull \hbox (badness 10000) in paragraph at lines 177--178

 []


Underfull \hbox (badness 10000) in paragraph at lines 180--181

 []

[9
pdfTeX warning (ext4): destination with the same identifier (name{figure.2.2}) 
has been already used, duplicate ignored
<argument> ...shipout:D \box_use:N \l_shipout_box 
                                                  \__shipout_drop_firstpage_...
l.181 
       <./images/Schaltplan.pdf>]
<images/korb-fur-4-18650-akkus-reihenschaltung.png, id=303, 542.025pt x 542.025
pt>
File: images/korb-fur-4-18650-akkus-reihenschaltung.png Graphic file (type png)

<use images/korb-fur-4-18650-akkus-reihenschaltung.png>
Package pdftex.def Info: images/korb-fur-4-18650-akkus-reihenschaltung.png  use
d on input line 187.
(pdftex.def)             Requested size: 227.62204pt x 227.62413pt.


LaTeX Warning: Citation '.02.03.2024' on page 10 undefined on input line 188.

<images/Punktschweißen_beispiel.jpg, id=305, 1670.24pt x 963.6pt>
File: images/Punktschweißen_beispiel.jpg Graphic file (type jpg)
<use images/Punktschweißen_beispiel.jpg>
Package pdftex.def Info: images/Punktschweißen_beispiel.jpg  used on input lin
e 198.
(pdftex.def)             Requested size: 227.62204pt x 131.31546pt.

LaTeX Warning: Citation 'LorenzScherrer.02.03.2024' on page 10 undefined on inp
ut line 199.

<images/Löten.png, id=307, 319.1925pt x 230.66174pt>
File: images/Löten.png Graphic file (type png)
<use images/Löten.png>
Package pdftex.def Info: images/Löten.png  used on input line 208.
(pdftex.def)             Requested size: 227.62204pt x 164.48897pt.

LaTeX Warning: Citation 'LorenzScherrer.02.03.2024' on page 10 undefined on inp
ut line 209.


Underfull \hbox (badness 10000) in paragraph at lines 214--215

 []

[10
pdfTeX warning (ext4): destination with the same identifier (name{figure.2.3}) 
has been already used, duplicate ignored
<argument> ...shipout:D \box_use:N \l_shipout_box 
                                                  \__shipout_drop_firstpage_...
l.215 
       <./images/korb-fur-4-18650-akkus-reihenschaltung.png>] [11
pdfTeX warning (ext4): destination with the same identifier (name{figure.2.4}) 
has been already used, duplicate ignored
<argument> ...shipout:D \box_use:N \l_shipout_box 
                                                  \__shipout_drop_firstpage_...
l.243 
      
pdfTeX warning (ext4): destination with the same identifier (name{figure.2.5}) 
has been already used, duplicate ignored
<argument> ...shipout:D \box_use:N \l_shipout_box 
                                                  \__shipout_drop_firstpage_...
l.243 
       <./images/Punktschweißen_beispiel.jpg> <./images/Löten.png>]
Underfull \hbox (badness 10000) in paragraph at lines 269--270

 []

[12]) [13]
\openout2 = `input/motor.aux'.

 (input/motor.tex
Kapitel 3.
<images/Kaufberatung-Motor-1.jpg, id=339, 1035.87pt x 582.175pt>
File: images/Kaufberatung-Motor-1.jpg Graphic file (type jpg)
<use images/Kaufberatung-Motor-1.jpg>
Package pdftex.def Info: images/Kaufberatung-Motor-1.jpg  used on input line 10
.
(pdftex.def)             Requested size: 284.52756pt x 159.90762pt.

Underfull \hbox (badness 10000) in paragraph at lines 17--18

 []

[14





pdfTeX warning (ext4): destination with the same identifier (name{figure.3.1}) 
has been already used, duplicate ignored
<argument> ...shipout:D \box_use:N \l_shipout_box 
                                                  \__shipout_drop_firstpage_...
l.18 
      <./images/Kaufberatung-Motor-1.jpg>]
Underfull \hbox (badness 10000) in paragraph at lines 19--20

 []


Underfull \hbox (badness 10000) in paragraph at lines 21--22

 []


Underfull \hbox (badness 10000) in paragraph at lines 23--24

 []

<images/Mittelmotor-Fahrrad-nachruesten_F01.jpg, id=346, 903.375pt x 351.3125pt
>
File: images/Mittelmotor-Fahrrad-nachruesten_F01.jpg Graphic file (type jpg)
<use images/Mittelmotor-Fahrrad-nachruesten_F01.jpg>
Package pdftex.def Info: images/Mittelmotor-Fahrrad-nachruesten_F01.jpg  used o
n input line 30.
(pdftex.def)             Requested size: 284.52756pt x 110.64793pt.

LaTeX Warning: `h' float specifier changed to `ht'.


Underfull \hbox (badness 10000) in paragraph at lines 36--37

 []


Underfull \hbox (badness 10000) in paragraph at lines 38--39

 []


Underfull \hbox (badness 10000) in paragraph at lines 40--41

 []

[15]
Underfull \hbox (badness 10000) in paragraph at lines 42--43

 []

<images/Radnabenmotor.jpg, id=358, 1541.76pt x 2055.68pt>
File: images/Radnabenmotor.jpg Graphic file (type jpg)
<use images/Radnabenmotor.jpg>
Package pdftex.def Info: images/Radnabenmotor.jpg  used on input line 47.
(pdftex.def)             Requested size: 284.52756pt x 379.35384pt.

LaTeX Warning: `h' float specifier changed to `ht'.


Underfull \hbox (badness 10000) in paragraph at lines 53--54

 []


Underfull \hbox (badness 10000) in paragraph at lines 55--56

 []


Underfull \hbox (badness 10000) in paragraph at lines 57--58

 []


Underfull \hbox (badness 10000) in paragraph at lines 59--60

 []

[16
pdfTeX warning (ext4): destination with the same identifier (name{figure.3.2}) 
has been already used, duplicate ignored
<argument> ...shipout:D \box_use:N \l_shipout_box 
                                                  \__shipout_drop_firstpage_...
l.60 
      <./images/Mittelmotor-Fahrrad-nachruesten_F01.jpg>]
Underfull \hbox (badness 10000) in paragraph at lines 61--62

 []

<images/RotorStator.png, id=366, 604.05675pt x 359.54324pt>
File: images/RotorStator.png Graphic file (type png)
<use images/RotorStator.png>
Package pdftex.def Info: images/RotorStator.png  used on input line 73.
(pdftex.def)             Requested size: 284.52756pt x 169.3584pt.
[17
pdfTeX warning (ext4): destination with the same identifier (name{figure.3.3}) 
has been already used, duplicate ignored
<argument> ...shipout:D \box_use:N \l_shipout_box 
                                                  \__shipout_drop_firstpage_...
l.76 \end{figure}
                  <./images/Radnabenmotor.jpg>]
Underfull \hbox (badness 10000) in paragraph at lines 79--80

 []


Underfull \hbox (badness 10000) in paragraph at lines 82--83

 []


Underfull \hbox (badness 10000) in paragraph at lines 86--87

 []

<images/DLRK-Wicklung.png, id=375, 1043.097pt x 522.15076pt>
File: images/DLRK-Wicklung.png Graphic file (type png)
<use images/DLRK-Wicklung.png>
Package pdftex.def Info: images/DLRK-Wicklung.png  used on input line 90.
(pdftex.def)             Requested size: 284.52756pt x 142.42468pt.

Underfull \hbox (badness 10000) in paragraph at lines 96--100

 []

[18
pdfTeX warning (ext4): destination with the same identifier (name{figure.3.4}) 
has been already used, duplicate ignored
<argument> ...shipout:D \box_use:N \l_shipout_box 
                                                  \__shipout_drop_firstpage_...
l.100 
      
pdfTeX warning (ext4): destination with the same identifier (name{figure.3.5}) 
has been already used, duplicate ignored
<argument> ...shipout:D \box_use:N \l_shipout_box 
                                                  \__shipout_drop_firstpage_...
l.100 
       <./images/RotorStator.png> <./images/DLRK-Wicklung.png>] [19]
Underfull \hbox (badness 10000) in paragraph at lines 140--141

 []


Underfull \hbox (badness 10000) in paragraph at lines 142--143

 []


Underfull \hbox (badness 10000) in paragraph at lines 144--145

 []


Underfull \hbox (badness 10000) in paragraph at lines 146--147

 []

[20]) [21]
\openout2 = `input/Controller.aux'.

 (input/Controller.tex
Kapitel 4.
<images/Controller.jpg, id=396, 3011.25pt x 4015.0pt>
File: images/Controller.jpg Graphic file (type jpg)
<use images/Controller.jpg>
Package pdftex.def Info: images/Controller.jpg  used on input line 20.
(pdftex.def)             Requested size: 227.62204pt x 303.44003pt.

LaTeX Warning: `h' float specifier changed to `ht'.

[22




]
<images/Funktion der Mosfets.png, id=409, 1118.9805pt x 501.072pt>
File: images/Funktion der Mosfets.png Graphic file (type png)
<use images/Funktion der Mosfets.png>
Package pdftex.def Info: images/Funktion der Mosfets.png  used on input line 55
.
(pdftex.def)             Requested size: 227.62204pt x 101.92526pt.


LaTeX Warning: `h' float specifier changed to `ht'.

<images/Controller_Anschlüsse.png, id=414, 1003.75pt x 1003.75pt>
File: images/Controller_Anschlüsse.png Graphic file (type png)
<use images/Controller_Anschlüsse.png>
Package pdftex.def Info: images/Controller_Anschlüsse.png  used on input line 
74.
(pdftex.def)             Requested size: 227.62204pt x 227.61066pt.

LaTeX Warning: `h' float specifier changed to `ht'.

[23
pdfTeX warning (ext4): destination with the same identifier (name{figure.4.1}) 
has been already used, duplicate ignored
<argument> ...shipout:D \box_use:N \l_shipout_box 
                                                  \__shipout_drop_firstpage_...
l.84 
      <./images/Controller.jpg>]) [24
pdfTeX warning (ext4): destination with the same identifier (name{figure.4.2}) 
has been already used, duplicate ignored
<argument> ...shipout:D \box_use:N \l_shipout_box 
                                                  \__shipout_drop_firstpage_...
l.120 \include{input/Controller}
                                 <./images/Funktion der Mosfets.png>] [25
pdfTeX warning (ext4): destination with the same identifier (name{figure.4.3}) 
has been already used, duplicate ignored
<argument> ...shipout:D \box_use:N \l_shipout_box 
                                                  \__shipout_drop_firstpage_...
l.120 \include{input/Controller}
                                 <./images/Controller_Anschlüsse.png>]
\openout2 = `input/steuergerät.aux'.


(input/steuergerät.tex
Kapitel 5.
[26




]
<images/Elektrische-Bike-Display-KT-LCD4.png, id=454, 1003.75pt x 1003.75pt>
File: images/Elektrische-Bike-Display-KT-LCD4.png Graphic file (type png)
<use images/Elektrische-Bike-Display-KT-LCD4.png>
Package pdftex.def Info: images/Elektrische-Bike-Display-KT-LCD4.png  used on i
nput line 32.
(pdftex.def)             Requested size: 227.62204pt x 227.61066pt.


LaTeX Warning: `h' float specifier changed to `ht'.

[27] [28
pdfTeX warning (ext4): destination with the same identifier (name{figure.5.1}) 
has been already used, duplicate ignored
<argument> ...shipout:D \box_use:N \l_shipout_box 
                                                  \__shipout_drop_firstpage_...
l.74     \item C
                2 Motor Phasen Anpassung <./images/Elektrische-Bike-Display-KT-
LCD4.png>]) [29]
\openout2 = `input/Schaltung.aux'.

 (input/Schaltung.tex
Kapitel 6.
<images/fahrrad_kraefte_gross.png, id=499, 770.88pt x 437.635pt>
File: images/fahrrad_kraefte_gross.png Graphic file (type png)
<use images/fahrrad_kraefte_gross.png>
Package pdftex.def Info: images/fahrrad_kraefte_gross.png  used on input line 1
1.
(pdftex.def)             Requested size: 227.62204pt x 129.2214pt.
<images/freewheel-vs-k7.png, id=503, 803.0pt x 416.55624pt>
File: images/freewheel-vs-k7.png Graphic file (type png)
<use images/freewheel-vs-k7.png>
Package pdftex.def Info: images/freewheel-vs-k7.png  used on input line 29.
(pdftex.def)             Requested size: 227.62204pt x 118.07779pt.

LaTeX Warning: `!h' float specifier changed to `!ht'.

<images/Radnabenmotoranschluss.jpg, id=507, 788.9475pt x 362.10281pt>
File: images/Radnabenmotoranschluss.jpg Graphic file (type jpg)
<use images/Radnabenmotoranschluss.jpg>
Package pdftex.def Info: images/Radnabenmotoranschluss.jpg  used on input line 
39.
(pdftex.def)             Requested size: 227.62204pt x 104.47116pt.

LaTeX Warning: `h' float specifier changed to `ht'.

[30





pdfTeX warning (ext4): destination with the same identifier (name{figure.6.1}) 
has been already used, duplicate ignored
<argument> ...shipout:D \box_use:N \l_shipout_box 
                                                  \__shipout_drop_firstpage_...
l.49 
      <./images/fahrrad_kraefte_gross.png>]
<images/kleines Ritzel.png, id=517, 221.628pt x 227.04825pt>
File: images/kleines Ritzel.png Graphic file (type png)
<use images/kleines Ritzel.png>
Package pdftex.def Info: images/kleines Ritzel.png  used on input line 57.
(pdftex.def)             Requested size: 113.81102pt x 116.59335pt.
 [31
pdfTeX warning (ext4): destination with the same identifier (name{figure.6.2}) 
has been already used, duplicate ignored
<argument> ...shipout:D \box_use:N \l_shipout_box 
                                                  \__shipout_drop_firstpage_...
l.64 
     
pdfTeX warning (ext4): destination with the same identifier (name{figure.6.3}) 
has been already used, duplicate ignored
<argument> ...shipout:D \box_use:N \l_shipout_box 
                                                  \__shipout_drop_firstpage_...
l.64 
     
pdfTeX warning (ext4): destination with the same identifier (name{figure.6.4}) 
has been already used, duplicate ignored
<argument> ...shipout:D \box_use:N \l_shipout_box 
                                                  \__shipout_drop_firstpage_...
l.64 
      <./images/freewheel-vs-k7.png> <./images/Radnabenmotoranschluss.jpg> <./i
mages/kleines Ritzel.png>]) [32]
\openout2 = `input/Konstruktion.aux'.

 (input/Konstruktion.tex
Kapitel 7.
) [33




]
\openout2 = `input/Fazit.aux'.

 (input/Fazit.tex
Kapitel 8.
) [34




] (input/Anhang.tex [35



]
File: images/Schaltplan.pdf Graphic file (type pdf)
<use images/Schaltplan.pdf>
Package pdftex.def Info: images/Schaltplan.pdf  used on input line 10.
(pdftex.def)             Requested size: 625.96062pt x 442.61955pt.


LaTeX Warning: Float too large for page by 15.98915pt on input line 13.


LaTeX Warning: `h' float specifier changed to `ht'.

[36
pdfTeX warning (ext4): destination with the same identifier (name{figure.Alph0.
1}) has been already used, duplicate ignored
<argument> ...shipout:D \box_use:N \l_shipout_box 
                                                  \__shipout_drop_firstpage_...
l.14 \end{landscape}
                    ]
<images/sw900.jpeg, id=555, 642.4pt x 642.4pt>
File: images/sw900.jpeg Graphic file (type jpg)
<use images/sw900.jpeg>
Package pdftex.def Info: images/sw900.jpeg  used on input line 18.
(pdftex.def)             Requested size: 284.52756pt x 284.5291pt.
<images/RasenmäherAkku.png, id=557, 221.02576pt x 157.18726pt>
File: images/RasenmäherAkku.png Graphic file (type png)
<use images/RasenmäherAkku.png>
Package pdftex.def Info: images/RasenmäherAkku.png  used on input line 26.
(pdftex.def)             Requested size: 284.52756pt x 202.36945pt.


LaTeX Warning: `h' float specifier changed to `ht'.

) (bericht.ind) [37



pdfTeX warning (ext4): destination with the same identifier (name{figure.Alph0.
2}) has been already used, duplicate ignored
<argument> ...shipout:D \box_use:N \l_shipout_box 
                                                  \__shipout_drop_firstpage_...
l.156 
       <./images/sw900.jpeg>] [38
pdfTeX warning (ext4): destination with the same identifier (name{figure.Alph0.
3}) has been already used, duplicate ignored
<argument> ...shipout:D \box_use:N \l_shipout_box 
                                                  \__shipout_drop_firstpage_...
l.156 
       <./images/RasenmäherAkku.png>]
LaTeX Font Info:    Trying to load font information for T1+lmtt on input line 1
54.

(C:\Users\loren\AppData\Local\Programs\MiKTeX\tex/latex/lm\t1lmtt.fd
File: t1lmtt.fd 2009/10/30 v1.6 Font defs for Latin Modern
)
Package microtype Info: Loading generic protrusion settings for font family
(microtype)             `lmtt' (encoding: T1).
(microtype)             For optimal results, create family-specific settings.
(microtype)             See the microtype manual for details.


Package biblatex Warning: No driver for entry type 'video'.
(biblatex)                Using fallback driver on input line 154.

[39

] (bericht.aux (input/einleitung.aux) (input/batterie.aux) (input/motor.aux) (i
nput/Controller.aux) (input/steuergerät.aux) (input/Schaltung.aux)
(input/Konstruktion.aux) (input/Fazit.aux))

LaTeX Warning: There were undefined references.


LaTeX Warning: There were multiply-defined labels.


Package biblatex Warning: Please (re)run BibTeX on the file(s):
(biblatex)                bericht
(biblatex)                and rerun LaTeX afterwards.

Package logreq Info: Writing requests to 'bericht.run.xml'.
\openout1 = `bericht.run.xml'.

 ) 
Here is how much of TeX's memory you used:
 36886 strings out of 478659
 695808 string characters out of 2845920
 1405058 words of memory out of 3000000
 53883 multiletter control sequences out of 15000+600000
 476830 words of font info for 170 fonts, out of 8000000 for 9000
 1143 hyphenation exceptions out of 8191
 114i,11n,108p,1922b,3544s stack positions out of 5000i,500n,10000p,200000b,80000s
{C:/Users/loren/AppData/Local/Programs/MiKTeX/fonts/enc/dvips/lm/lm-ec.enc}{C
:/Users/loren/AppData/Local/Programs/MiKTeX/fonts/enc/dvips/lm/lm-mathit.enc}{C
:/Users/loren/AppData/Local/Programs/MiKTeX/fonts/enc/dvips/lm/lm-mathsy.enc}{C
:/Users/loren/AppData/Local/Programs/MiKTeX/fonts/enc/dvips/lm/lm-rm.enc}{C:/Us
ers/loren/AppData/Local/Programs/MiKTeX/fonts/enc/dvips/lm/lm-ts1.enc}<C:/Users
/loren/AppData/Local/Programs/MiKTeX/fonts/type1/public/lm/lmbx10.pfb><C:/Users
/loren/AppData/Local/Programs/MiKTeX/fonts/type1/public/lm/lmbx12.pfb><C:/Users
/loren/AppData/Local/Programs/MiKTeX/fonts/type1/public/lm/lmcsc10.pfb><C:/User
s/loren/AppData/Local/Programs/MiKTeX/fonts/type1/public/lm/lmmi10.pfb><C:/User
s/loren/AppData/Local/Programs/MiKTeX/fonts/type1/public/lm/lmmi8.pfb><C:/Users
/loren/AppData/Local/Programs/MiKTeX/fonts/type1/public/lm/lmr10.pfb><C:/Users/
loren/AppData/Local/Programs/MiKTeX/fonts/type1/public/lm/lmr12.pfb><C:/Users/l
oren/AppData/Local/Programs/MiKTeX/fonts/type1/public/lm/lmr17.pfb><C:/Users/lo
ren/AppData/Local/Programs/MiKTeX/fonts/type1/public/lm/lmr8.pfb><C:/Users/lore
n/AppData/Local/Programs/MiKTeX/fonts/type1/public/lm/lmri10.pfb><C:/Users/lore
n/AppData/Local/Programs/MiKTeX/fonts/type1/public/lm/lmro10.pfb><C:/Users/lore
n/AppData/Local/Programs/MiKTeX/fonts/type1/public/lm/lmsy10.pfb><C:/Users/lore
n/AppData/Local/Programs/MiKTeX/fonts/type1/public/lm/lmtt10.pfb>
Output written on C:/Users\loren\DHBW_Karlsruhe\Studienarbeit\out\bericht.pdf (
43 pages, 11511031 bytes).
PDF statistics:
 839 PDF objects out of 1000 (max. 8388607)
 177 named destinations out of 1000 (max. 500000)
 43989 words of extra memory for PDF output out of 51595 (max. 10000000)

